Determining if the pthread_create exist failed with the following output:
Change Dir: /home/hegaozhi/dftc/test/ros2_demo/examples-master/rclcpp/topics/build/examples_rclcpp_minimal_subscriber/CMakeFiles/CMakeTmp

Run Build Command:"/usr/bin/make" "cmTC_6adb7/fast"
/usr/bin/make -f CMakeFiles/cmTC_6adb7.dir/build.make CMakeFiles/cmTC_6adb7.dir/build
make[1]: 进入目录“/home/hegaozhi/dftc/test/ros2_demo/examples-master/rclcpp/topics/build/examples_rclcpp_minimal_subscriber/CMakeFiles/CMakeTmp”
Building C object CMakeFiles/cmTC_6adb7.dir/CheckSymbolExists.c.o
/usr/bin/cc    -o CMakeFiles/cmTC_6adb7.dir/CheckSymbolExists.c.o   -c /home/hegaozhi/dftc/test/ros2_demo/examples-master/rclcpp/topics/build/examples_rclcpp_minimal_subscriber/CMakeFiles/CMakeTmp/CheckSymbolExists.c
Linking C executable cmTC_6adb7
/usr/bin/cmake -E cmake_link_script CMakeFiles/cmTC_6adb7.dir/link.txt --verbose=1
/usr/bin/cc      CMakeFiles/cmTC_6adb7.dir/CheckSymbolExists.c.o  -o cmTC_6adb7 
CMakeFiles/cmTC_6adb7.dir/CheckSymbolExists.c.o：在函数‘main’中：
CheckSymbolExists.c:(.text+0x1b)：对‘pthread_create’未定义的引用
collect2: error: ld returned 1 exit status
CMakeFiles/cmTC_6adb7.dir/build.make:97: recipe for target 'cmTC_6adb7' failed
make[1]: *** [cmTC_6adb7] Error 1
make[1]: 离开目录“/home/hegaozhi/dftc/test/ros2_demo/examples-master/rclcpp/topics/build/examples_rclcpp_minimal_subscriber/CMakeFiles/CMakeTmp”
Makefile:126: recipe for target 'cmTC_6adb7/fast' failed
make: *** [cmTC_6adb7/fast] Error 2

File /home/hegaozhi/dftc/test/ros2_demo/examples-master/rclcpp/topics/build/examples_rclcpp_minimal_subscriber/CMakeFiles/CMakeTmp/CheckSymbolExists.c:
/* */
#include <pthread.h>

int main(int argc, char** argv)
{
  (void)argv;
#ifndef pthread_create
  return ((int*)(&pthread_create))[argc];
#else
  (void)argc;
  return 0;
#endif
}

Determining if the function pthread_create exists in the pthreads failed with the following output:
Change Dir: /home/hegaozhi/dftc/test/ros2_demo/examples-master/rclcpp/topics/build/examples_rclcpp_minimal_subscriber/CMakeFiles/CMakeTmp

Run Build Command:"/usr/bin/make" "cmTC_0acda/fast"
/usr/bin/make -f CMakeFiles/cmTC_0acda.dir/build.make CMakeFiles/cmTC_0acda.dir/build
make[1]: 进入目录“/home/hegaozhi/dftc/test/ros2_demo/examples-master/rclcpp/topics/build/examples_rclcpp_minimal_subscriber/CMakeFiles/CMakeTmp”
Building C object CMakeFiles/cmTC_0acda.dir/CheckFunctionExists.c.o
/usr/bin/cc   -DCHECK_FUNCTION_EXISTS=pthread_create   -o CMakeFiles/cmTC_0acda.dir/CheckFunctionExists.c.o   -c /usr/share/cmake-3.10/Modules/CheckFunctionExists.c
Linking C executable cmTC_0acda
/usr/bin/cmake -E cmake_link_script CMakeFiles/cmTC_0acda.dir/link.txt --verbose=1
/usr/bin/cc  -DCHECK_FUNCTION_EXISTS=pthread_create    CMakeFiles/cmTC_0acda.dir/CheckFunctionExists.c.o  -o cmTC_0acda -lpthreads 
/usr/bin/ld: 找不到 -lpthreads
collect2: error: ld returned 1 exit status
CMakeFiles/cmTC_0acda.dir/build.make:97: recipe for target 'cmTC_0acda' failed
make[1]: *** [cmTC_0acda] Error 1
make[1]: 离开目录“/home/hegaozhi/dftc/test/ros2_demo/examples-master/rclcpp/topics/build/examples_rclcpp_minimal_subscriber/CMakeFiles/CMakeTmp”
Makefile:126: recipe for target 'cmTC_0acda/fast' failed
make: *** [cmTC_0acda/fast] Error 2


